<?xml version="1.0" encoding="UTF-8"?>
<testng-results skipped="0" failed="0" total="1" passed="1">
  <reporter-output>
  </reporter-output>
  <suite name="Default suite" duration-ms="84340" started-at="2017-09-08T14:26:17Z" finished-at="2017-09-08T14:27:42Z">
    <groups>
    </groups>
    <test name="Default test" duration-ms="84340" started-at="2017-09-08T14:26:17Z" finished-at="2017-09-08T14:27:42Z">
      <class name="test.New">
        <test-method status="PASS" signature="setUp()[pri:0, instance:test.New@1677d1]" name="setUp" is-config="true" duration-ms="8959" started-at="2017-09-08T19:56:17Z" finished-at="2017-09-08T19:56:26Z">
          <reporter-output>
          </reporter-output>
        </test-method> <!-- setUp -->
        <test-method status="PASS" signature="appointment()[pri:0, instance:test.New@1677d1]" name="appointment" duration-ms="75350" started-at="2017-09-08T19:56:26Z" finished-at="2017-09-08T19:57:42Z">
          <reporter-output>
          </reporter-output>
        </test-method> <!-- appointment -->
        <test-method status="PASS" signature="teardown()[pri:0, instance:test.New@1677d1]" name="teardown" is-config="true" duration-ms="0" started-at="2017-09-08T19:57:42Z" finished-at="2017-09-08T19:57:42Z">
          <reporter-output>
          </reporter-output>
        </test-method> <!-- teardown -->
      </class> <!-- test.New -->
    </test> <!-- Default test -->
  </suite> <!-- Default suite -->
</testng-results>
