<?xml version="1.0" encoding="UTF-8"?>
<testng-results skipped="0" failed="0" total="2" passed="2">
  <reporter-output>
  </reporter-output>
  <suite name="Suite" duration-ms="44382" started-at="2018-07-22T14:51:38Z" finished-at="2018-07-22T14:52:22Z">
    <groups>
    </groups>
    <test name="Test" duration-ms="44382" started-at="2018-07-22T14:51:38Z" finished-at="2018-07-22T14:52:22Z">
      <class name="grid.Chrome">
        <test-method status="PASS" signature="chromeExecution()[pri:0, instance:grid.Chrome@4678c730]" name="chromeExecution" duration-ms="44357" started-at="2018-07-22T20:21:38Z" finished-at="2018-07-22T20:22:22Z">
          <reporter-output>
          </reporter-output>
        </test-method> <!-- chromeExecution -->
      </class> <!-- grid.Chrome -->
      <class name="grid.Firefox">
        <test-method status="PASS" signature="firefoxExecution()[pri:0, instance:grid.Firefox@c038203]" name="firefoxExecution" duration-ms="20970" started-at="2018-07-22T20:21:38Z" finished-at="2018-07-22T20:21:59Z">
          <reporter-output>
          </reporter-output>
        </test-method> <!-- firefoxExecution -->
      </class> <!-- grid.Firefox -->
    </test> <!-- Test -->
  </suite> <!-- Suite -->
</testng-results>
