<?xml version="1.0" encoding="UTF-8"?>
<testng-results skipped="0" failed="0" total="1" passed="1">
  <reporter-output>
  </reporter-output>
  <suite name="Default suite" duration-ms="4742" started-at="2018-06-26T07:56:10Z" finished-at="2018-06-26T07:56:15Z">
    <groups>
    </groups>
    <test name="Default test" duration-ms="4742" started-at="2018-06-26T07:56:10Z" finished-at="2018-06-26T07:56:15Z">
      <class name="Get_BatteryResults">
        <test-method status="PASS" signature="BatteryResult()[pri:0, instance:Get_BatteryResults@7c16905e]" name="BatteryResult" duration-ms="4713" started-at="2018-06-26T13:26:10Z" finished-at="2018-06-26T13:26:15Z">
          <reporter-output>
          </reporter-output>
        </test-method> <!-- BatteryResult -->
      </class> <!-- Get_BatteryResults -->
    </test> <!-- Default test -->
  </suite> <!-- Default suite -->
</testng-results>
