<?xml version="1.0" encoding="UTF-8"?>
<testng-results skipped="0" failed="0" total="1" passed="1">
  <reporter-output>
  </reporter-output>
  <suite name="Default suite" duration-ms="2736" started-at="2018-06-08T14:32:05Z" finished-at="2018-06-08T14:32:07Z">
    <groups>
    </groups>
    <test name="Default test" duration-ms="2736" started-at="2018-06-08T14:32:05Z" finished-at="2018-06-08T14:32:07Z">
      <class name="com.FirstTest_RestAssured">
        <test-method status="PASS" signature="f()[pri:0, instance:com.FirstTest_RestAssured@548a9f61]" name="f" duration-ms="2710" started-at="2018-06-08T20:02:05Z" finished-at="2018-06-08T20:02:07Z">
          <reporter-output>
          </reporter-output>
        </test-method> <!-- f -->
      </class> <!-- com.FirstTest_RestAssured -->
    </test> <!-- Default test -->
  </suite> <!-- Default suite -->
</testng-results>
