<?xml version="1.0" encoding="UTF-8"?>
<testng-results skipped="0" failed="1" total="1" passed="0">
  <reporter-output>
  </reporter-output>
  <suite name="Default suite" duration-ms="53019" started-at="2018-06-05T12:46:15Z" finished-at="2018-06-05T12:47:08Z">
    <groups>
    </groups>
    <test name="Default test" duration-ms="53019" started-at="2018-06-05T12:46:15Z" finished-at="2018-06-05T12:47:08Z">
      <class name="contactUS_us_en.CONT_US_EN_001">
        <test-method status="PASS" signature="preConditions()[pri:0, instance:contactUS_us_en.CONT_US_EN_001@548b7f67]" name="preConditions" is-config="true" duration-ms="42204" started-at="2018-06-05T18:16:15Z" finished-at="2018-06-05T18:16:57Z">
          <reporter-output>
          </reporter-output>
        </test-method> <!-- preConditions -->
        <test-method status="FAIL" signature="Verify_Static_Content()[pri:0, instance:contactUS_us_en.CONT_US_EN_001@548b7f67]" name="Verify_Static_Content" duration-ms="9859" started-at="2018-06-05T18:16:57Z" finished-at="2018-06-05T18:17:07Z">
          <exception class="java.lang.NullPointerException">
            <full-stacktrace>
              <![CDATA[java.lang.NullPointerException
	at com.hybird.Keywords.verifyText(Keywords.java:391)
	at contactUS_us_en.CONT_US_EN_001.Verify_Static_Content(CONT_US_EN_001.java:20)
	at sun.reflect.NativeMethodAccessorImpl.invoke0(Native Method)
	at sun.reflect.NativeMethodAccessorImpl.invoke(Unknown Source)
	at sun.reflect.DelegatingMethodAccessorImpl.invoke(Unknown Source)
	at java.lang.reflect.Method.invoke(Unknown Source)
	at org.testng.internal.MethodInvocationHelper.invokeMethod(MethodInvocationHelper.java:84)
	at org.testng.internal.Invoker.invokeMethod(Invoker.java:714)
	at org.testng.internal.Invoker.invokeTestMethod(Invoker.java:901)
	at org.testng.internal.Invoker.invokeTestMethods(Invoker.java:1231)
	at org.testng.internal.TestMethodWorker.invokeTestMethods(TestMethodWorker.java:127)
	at org.testng.internal.TestMethodWorker.run(TestMethodWorker.java:111)
	at org.testng.TestRunner.privateRun(TestRunner.java:767)
	at org.testng.TestRunner.run(TestRunner.java:617)
	at org.testng.SuiteRunner.runTest(SuiteRunner.java:334)
	at org.testng.SuiteRunner.runSequentially(SuiteRunner.java:329)
	at org.testng.SuiteRunner.privateRun(SuiteRunner.java:291)
	at org.testng.SuiteRunner.run(SuiteRunner.java:240)
	at org.testng.SuiteRunnerWorker.runSuite(SuiteRunnerWorker.java:52)
	at org.testng.SuiteRunnerWorker.run(SuiteRunnerWorker.java:86)
	at org.testng.TestNG.runSuitesSequentially(TestNG.java:1224)
	at org.testng.TestNG.runSuitesLocally(TestNG.java:1149)
	at org.testng.TestNG.run(TestNG.java:1057)
	at org.testng.remote.AbstractRemoteTestNG.run(AbstractRemoteTestNG.java:126)
	at org.testng.remote.RemoteTestNG.initAndRun(RemoteTestNG.java:152)
	at org.testng.remote.RemoteTestNG.main(RemoteTestNG.java:57)
]]>
            </full-stacktrace>
          </exception> <!-- java.lang.NullPointerException -->
          <reporter-output>
          </reporter-output>
        </test-method> <!-- Verify_Static_Content -->
        <test-method status="PASS" signature="postConditions()[pri:0, instance:contactUS_us_en.CONT_US_EN_001@548b7f67]" name="postConditions" is-config="true" duration-ms="703" started-at="2018-06-05T18:17:07Z" finished-at="2018-06-05T18:17:08Z">
          <reporter-output>
          </reporter-output>
        </test-method> <!-- postConditions -->
      </class> <!-- contactUS_us_en.CONT_US_EN_001 -->
    </test> <!-- Default test -->
  </suite> <!-- Default suite -->
</testng-results>
